<?xml version="1.0" encoding="UTF-8"?>
<coverage generated="1539686417370" clover="3.2.0">
  <project timestamp="1539686417370" name="All files">
    <metrics statements="17" coveredstatements="1" conditionals="0" coveredconditionals="0" methods="3" coveredmethods="1" elements="20" coveredelements="2" complexity="0" loc="17" ncloc="17" packages="3" files="5" classes="5">
      <package name="src">
        <metrics statements="15" coveredstatements="0" conditionals="0" coveredconditionals="0" methods="2" coveredmethods="0"/>
        <file name="main.js" path="/Users/joachimhummel/Sites/vuetest/src/main.js">
          <metrics statements="7" coveredstatements="0" conditionals="0" coveredconditionals="0" methods="1" coveredmethods="0"/>
          <line num="1" count="0" type="stmt"/>
          <line num="2" count="0" type="stmt"/>
          <line num="3" count="0" type="stmt"/>
          <line num="4" count="0" type="stmt"/>
          <line num="6" count="0" type="stmt"/>
          <line num="8" count="0" type="stmt"/>
          <line num="11" count="0" type="stmt"/>
        </file>
        <file name="router.js" path="/Users/joachimhummel/Sites/vuetest/src/router.js">
          <metrics statements="5" coveredstatements="0" conditionals="0" coveredconditionals="0" methods="1" coveredmethods="0"/>
          <line num="1" count="0" type="stmt"/>
          <line num="2" count="0" type="stmt"/>
          <line num="3" count="0" type="stmt"/>
          <line num="5" count="0" type="stmt"/>
          <line num="22" count="0" type="stmt"/>
        </file>
        <file name="store.js" path="/Users/joachimhummel/Sites/vuetest/src/store.js">
          <metrics statements="3" coveredstatements="0" conditionals="0" coveredconditionals="0" methods="0" coveredmethods="0"/>
          <line num="1" count="0" type="stmt"/>
          <line num="2" count="0" type="stmt"/>
          <line num="4" count="0" type="stmt"/>
        </file>
      </package>
      <package name="src.components">
        <metrics statements="1" coveredstatements="1" conditionals="0" coveredconditionals="0" methods="1" coveredmethods="1"/>
        <file name="HelloWorld.vue" path="/Users/joachimhummel/Sites/vuetest/src/components/HelloWorld.vue">
          <metrics statements="1" coveredstatements="1" conditionals="0" coveredconditionals="0" methods="1" coveredmethods="1"/>
          <line num="40" count="1" type="stmt"/>
        </file>
      </package>
      <package name="src.views">
        <metrics statements="1" coveredstatements="0" conditionals="0" coveredconditionals="0" methods="0" coveredmethods="0"/>
        <file name="Home.vue" path="/Users/joachimhummel/Sites/vuetest/src/views/Home.vue">
          <metrics statements="1" coveredstatements="0" conditionals="0" coveredconditionals="0" methods="0" coveredmethods="0"/>
          <line num="10" count="0" type="stmt"/>
        </file>
      </package>
    </metrics>
  </project>
</coverage>
