{"/Users/joachimhummel/Sites/vuetest/src/main.js": {"path":"/Users/joachimhummel/Sites/vuetest/src/main.js","statementMap":{"0":{"start":{"line":1,"column":0},"end":{"line":null,"column":-1}},"1":{"start":{"line":2,"column":0},"end":{"line":null,"column":-1}},"2":{"start":{"line":3,"column":0},"end":{"line":null,"column":-1}},"3":{"start":{"line":4,"column":0},"end":{"line":null,"column":-1}},"4":{"start":{"line":6,"column":0},"end":{"line":null,"column":-1}},"5":{"start":{"line":8,"column":0},"end":{"line":null,"column":-1}},"6":{"start":{"line":11,"column":10},"end":{"line":null,"column":-1}}},"fnMap":{"0":{"name":"render","decl":{"start":{"line":11,"column":10},"end":{"line":null,"column":-1}},"loc":{"start":{"line":11,"column":10},"end":{"line":null,"column":-1}}}},"branchMap":{},"s":{"0":0,"1":0,"2":0,"3":0,"4":0,"5":0,"6":0},"f":{"0":0},"b":{}}
,"/Users/joachimhummel/Sites/vuetest/src/router.js": {"path":"/Users/joachimhummel/Sites/vuetest/src/router.js","statementMap":{"0":{"start":{"line":1,"column":0},"end":{"line":null,"column":-1}},"1":{"start":{"line":2,"column":0},"end":{"line":null,"column":-1}},"2":{"start":{"line":3,"column":0},"end":{"line":null,"column":-1}},"3":{"start":{"line":5,"column":0},"end":{"line":null,"column":-1}},"4":{"start":{"line":22,"column":17},"end":{"line":null,"column":-1}}},"fnMap":{"0":{"name":"component","decl":{"start":{"line":22,"column":17},"end":{"line":null,"column":-1}},"loc":{"start":{"line":22,"column":17},"end":{"line":null,"column":-1}}}},"branchMap":{},"s":{"0":0,"1":0,"2":0,"3":0,"4":0},"f":{"0":0},"b":{}}
,"/Users/joachimhummel/Sites/vuetest/src/store.js": {"path":"/Users/joachimhummel/Sites/vuetest/src/store.js","statementMap":{"0":{"start":{"line":1,"column":0},"end":{"line":null,"column":-1}},"1":{"start":{"line":2,"column":0},"end":{"line":null,"column":-1}},"2":{"start":{"line":4,"column":0},"end":{"line":null,"column":-1}}},"fnMap":{},"branchMap":{},"s":{"0":0,"1":0,"2":0},"f":{},"b":{}}
,"/Users/joachimhummel/Sites/vuetest/src/components/HelloWorld.vue": {"path":"/Users/joachimhummel/Sites/vuetest/src/components/HelloWorld.vue","statementMap":{"0":{"start":{"line":40,"column":0},"end":{"line":null,"column":-1}}},"fnMap":{"0":{"name":"data","decl":{"start":{"line":39,"column":0},"end":{"line":null,"column":-1}},"loc":{"start":{"line":39,"column":0},"end":{"line":41,"column":0}}}},"branchMap":{},"s":{"0":1},"f":{"0":1},"b":{}}
,"/Users/joachimhummel/Sites/vuetest/src/views/Home.vue": {"path":"/Users/joachimhummel/Sites/vuetest/src/views/Home.vue","statementMap":{"0":{"start":{"line":10,"column":0},"end":{"line":null,"column":-1}}},"fnMap":{},"branchMap":{},"s":{"0":0},"f":{},"b":{}}
}
