TN:
SF:/Users/joachimhummel/Sites/vuetest/src/main.js
FN:11,render
FNF:1
FNH:0
FNDA:0,render
DA:1,0
DA:2,0
DA:3,0
DA:4,0
DA:6,0
DA:8,0
DA:11,0
LF:7
LH:0
BRF:0
BRH:0
end_of_record
TN:
SF:/Users/joachimhummel/Sites/vuetest/src/router.js
FN:22,component
FNF:1
FNH:0
FNDA:0,component
DA:1,0
DA:2,0
DA:3,0
DA:5,0
DA:22,0
LF:5
LH:0
BRF:0
BRH:0
end_of_record
TN:
SF:/Users/joachimhummel/Sites/vuetest/src/store.js
FNF:0
FNH:0
DA:1,0
DA:2,0
DA:4,0
LF:3
LH:0
BRF:0
BRH:0
end_of_record
TN:
SF:/Users/joachimhummel/Sites/vuetest/src/components/HelloWorld.vue
FN:39,data
FNF:1
FNH:1
FNDA:1,data
DA:40,1
LF:1
LH:1
BRF:0
BRH:0
end_of_record
TN:
SF:/Users/joachimhummel/Sites/vuetest/src/views/Home.vue
FNF:0
FNH:0
DA:10,0
LF:1
LH:0
BRF:0
BRH:0
end_of_record
